# JRE version: Java(TM) SE Runtime Environment (8.0_111-b14) (build 1.8.0_111-b14)
# Java VM: Java HotSpot(TM) 64-Bit Server VM (25.111-b14 mixed mode linux-amd64 compressed oops)
Heap:
 PSYoungGen      total 131072K, used 56876K [0x00000000eab00000, 0x00000000fbb00000, 0x0000000100000000)
  eden space 116736K, 43% used [0x00000000eab00000,0x00000000edc95e60,0x00000000f1d00000)
  from space 14336K, 42% used [0x00000000f1d00000,0x00000000f22f5570,0x00000000f2b00000)
  to   space 22528K, 0% used [0x00000000fa500000,0x00000000fa500000,0x00000000fbb00000)
 ParOldGen       total 71168K, used 37982K [0x00000000c0000000, 0x00000000c4580000, 0x00000000eab00000)
  object space 71168K, 53% used [0x00000000c0000000,0x00000000c25179f8,0x00000000c4580000)
 Metaspace       used 6409K, capacity 7256K, committed 7424K, reserved 1056768K
  class space    used 622K, capacity 656K, committed 768K, reserved 1048576K
GC Heap History (10 events):
Event: 13,475 GC heap before
{Heap before GC invocations=4 (full 0):
 PSYoungGen      total 31744K, used 31735K [0x00000000eab00000, 0x00000000ee900000, 0x0000000100000000)
  eden space 29696K, 100% used [0x00000000eab00000,0x00000000ec800000,0x00000000ec800000)
  from space 2048K, 99% used [0x00000000ec800000,0x00000000ec9fdf50,0x00000000eca00000)
  to   space 2048K, 0% used [0x00000000ee700000,0x00000000ee700000,0x00000000ee900000)
 ParOldGen       total 38400K, used 7532K [0x00000000c0000000, 0x00000000c2580000, 0x00000000eab00000)
  object space 38400K, 19% used [0x00000000c0000000,0x00000000c075b140,0x00000000c2580000)
 Metaspace       used 5827K, capacity 6832K, committed 7040K, reserved 1056768K
  class space    used 595K, capacity 616K, committed 640K, reserved 1048576K
Event: 13,734 GC heap after
Heap after GC invocations=4 (full 0):
 PSYoungGen      total 61440K, used 2036K [0x00000000eab00000, 0x00000000ee900000, 0x0000000100000000)
  eden space 59392K, 0% used [0x00000000eab00000,0x00000000eab00000,0x00000000ee500000)
  from space 2048K, 99% used [0x00000000ee700000,0x00000000ee8fd378,0x00000000ee900000)
  to   space 2048K, 0% used [0x00000000ee500000,0x00000000ee500000,0x00000000ee700000)
 ParOldGen       total 38400K, used 11743K [0x00000000c0000000, 0x00000000c2580000, 0x00000000eab00000)
  object space 38400K, 30% used [0x00000000c0000000,0x00000000c0b77fa0,0x00000000c2580000)
 Metaspace       used 5827K, capacity 6832K, committed 7040K, reserved 1056768K
  class space    used 595K, capacity 616K, committed 640K, reserved 1048576K
}
Event: 17,407 GC heap before
{Heap before GC invocations=5 (full 0):
 PSYoungGen      total 61440K, used 61428K [0x00000000eab00000, 0x00000000ee900000, 0x0000000100000000)
  eden space 59392K, 100% used [0x00000000eab00000,0x00000000ee500000,0x00000000ee500000)
  from space 2048K, 99% used [0x00000000ee700000,0x00000000ee8fd378,0x00000000ee900000)
  to   space 2048K, 0% used [0x00000000ee500000,0x00000000ee500000,0x00000000ee700000)
 ParOldGen       total 38400K, used 11743K [0x00000000c0000000, 0x00000000c2580000, 0x00000000eab00000)
  object space 38400K, 30% used [0x00000000c0000000,0x00000000c0b77fa0,0x00000000c2580000)
 Metaspace       used 5942K, capacity 6960K, committed 7040K, reserved 1056768K
  class space    used 596K, capacity 616K, committed 640K, reserved 1048576K
Event: 17,681 GC heap after
Heap after GC invocations=5 (full 0):
 PSYoungGen      total 61440K, used 2017K [0x00000000eab00000, 0x00000000f3700000, 0x0000000100000000)
  eden space 59392K, 0% used [0x00000000eab00000,0x00000000eab00000,0x00000000ee500000)
  from space 2048K, 98% used [0x00000000ee500000,0x00000000ee6f8530,0x00000000ee700000)
  to   space 12288K, 0% used [0x00000000f2b00000,0x00000000f2b00000,0x00000000f3700000)
 ParOldGen       total 38400K, used 21132K [0x00000000c0000000, 0x00000000c2580000, 0x00000000eab00000)
  object space 38400K, 55% used [0x00000000c0000000,0x00000000c14a32f8,0x00000000c2580000)
 Metaspace       used 5942K, capacity 6960K, committed 7040K, reserved 1056768K
  class space    used 596K, capacity 616K, committed 640K, reserved 1048576K
}
Event: 19,897 GC heap before
{Heap before GC invocations=6 (full 0):
 PSYoungGen      total 61440K, used 61409K [0x00000000eab00000, 0x00000000f3700000, 0x0000000100000000)
  eden space 59392K, 100% used [0x00000000eab00000,0x00000000ee500000,0x00000000ee500000)
  from space 2048K, 98% used [0x00000000ee500000,0x00000000ee6f8530,0x00000000ee700000)
  to   space 12288K, 0% used [0x00000000f2b00000,0x00000000f2b00000,0x00000000f3700000)
 ParOldGen       total 38400K, used 21132K [0x00000000c0000000, 0x00000000c2580000, 0x00000000eab00000)
  object space 38400K, 55% used [0x00000000c0000000,0x00000000c14a32f8,0x00000000c2580000)
 Metaspace       used 6073K, capacity 7000K, committed 7168K, reserved 1056768K
  class space    used 616K, capacity 656K, committed 768K, reserved 1048576K
Event: 20,091 GC heap after
Heap after GC invocations=6 (full 0):
 PSYoungGen      total 129024K, used 11345K [0x00000000eab00000, 0x00000000f3b00000, 0x0000000100000000)
  eden space 116736K, 0% used [0x00000000eab00000,0x00000000eab00000,0x00000000f1d00000)
  from space 12288K, 92% used [0x00000000f2b00000,0x00000000f3614510,0x00000000f3700000)
  to   space 14336K, 0% used [0x00000000f1d00000,0x00000000f1d00000,0x00000000f2b00000)
 ParOldGen       total 38400K, used 21132K [0x00000000c0000000, 0x00000000c2580000, 0x00000000eab00000)
  object space 38400K, 55% used [0x00000000c0000000,0x00000000c14a32f8,0x00000000c2580000)
 Metaspace       used 6073K, capacity 7000K, committed 7168K, reserved 1056768K
  class space    used 616K, capacity 656K, committed 768K, reserved 1048576K
}
Event: 24,306 GC heap before
{Heap before GC invocations=7 (full 0):
 PSYoungGen      total 129024K, used 128081K [0x00000000eab00000, 0x00000000f3b00000, 0x0000000100000000)
  eden space 116736K, 100% used [0x00000000eab00000,0x00000000f1d00000,0x00000000f1d00000)
  from space 12288K, 92% used [0x00000000f2b00000,0x00000000f3614510,0x00000000f3700000)
  to   space 14336K, 0% used [0x00000000f1d00000,0x00000000f1d00000,0x00000000f2b00000)
 ParOldGen       total 38400K, used 21132K [0x00000000c0000000, 0x00000000c2580000, 0x00000000eab00000)
  object space 38400K, 55% used [0x00000000c0000000,0x00000000c14a32f8,0x00000000c2580000)
 Metaspace       used 6274K, capacity 7192K, committed 7424K, reserved 1056768K
  class space    used 616K, capacity 656K, committed 768K, reserved 1048576K
Event: 24,520 GC heap after
Heap after GC invocations=7 (full 0):
 PSYoungGen      total 131072K, used 14317K [0x00000000eab00000, 0x00000000fbb00000, 0x0000000100000000)
  eden space 116736K, 0% used [0x00000000eab00000,0x00000000eab00000,0x00000000f1d00000)
  from space 14336K, 99% used [0x00000000f1d00000,0x00000000f2afb680,0x00000000f2b00000)
  to   space 22528K, 0% used [0x00000000fa500000,0x00000000fa500000,0x00000000fbb00000)
 ParOldGen       total 38400K, used 32352K [0x00000000c0000000, 0x00000000c2580000, 0x00000000eab00000)
  object space 38400K, 84% used [0x00000000c0000000,0x00000000c1f98220,0x00000000c2580000)
 Metaspace       used 6274K, capacity 7192K, committed 7424K, reserved 1056768K
  class space    used 616K, capacity 656K, committed 768K, reserved 1048576K
}
Event: 24,521 GC heap before
{Heap before GC invocations=8 (full 1):
 PSYoungGen      total 131072K, used 14317K [0x00000000eab00000, 0x00000000fbb00000, 0x0000000100000000)
  eden space 116736K, 0% used [0x00000000eab00000,0x00000000eab00000,0x00000000f1d00000)
  from space 14336K, 99% used [0x00000000f1d00000,0x00000000f2afb680,0x00000000f2b00000)
  to   space 22528K, 0% used [0x00000000fa500000,0x00000000fa500000,0x00000000fbb00000)
 ParOldGen       total 38400K, used 32352K [0x00000000c0000000, 0x00000000c2580000, 0x00000000eab00000)
  object space 38400K, 84% used [0x00000000c0000000,0x00000000c1f98220,0x00000000c2580000)
 Metaspace       used 6274K, capacity 7192K, committed 7424K, reserved 1056768K
  class space    used 616K, capacity 656K, committed 768K, reserved 1048576K
Event: 25,556 GC heap after
Heap after GC invocations=8 (full 1):
 PSYoungGen      total 131072K, used 6101K [0x00000000eab00000, 0x00000000fbb00000, 0x0000000100000000)
  eden space 116736K, 0% used [0x00000000eab00000,0x00000000eab00000,0x00000000f1d00000)
  from space 14336K, 42% used [0x00000000f1d00000,0x00000000f22f5570,0x00000000f2b00000)
  to   space 22528K, 0% used [0x00000000fa500000,0x00000000fa500000,0x00000000fbb00000)
 ParOldGen       total 71168K, used 37982K [0x00000000c0000000, 0x00000000c4580000, 0x00000000eab00000)
  object space 71168K, 53% used [0x00000000c0000000,0x00000000c25179f8,0x00000000c4580000)
 Metaspace       used 6274K, capacity 7192K, committed 7424K, reserved 1056768K
  class space    used 616K, capacity 656K, committed 768K, reserved 1048576K
}

