# JRE version: Java(TM) SE Runtime Environment (8.0_111-b14) (build 1.8.0_111-b14)
# Java VM: Java HotSpot(TM) 64-Bit Server VM (25.111-b14 mixed mode linux-amd64 compressed oops)
Heap:
 PSYoungGen      total 131072K, used 13797K [0x00000000eab00000, 0x00000000f3a00000, 0x0000000100000000)
  eden space 117248K, 0% used [0x00000000eab00000,0x00000000eab00000,0x00000000f1d80000)
  from space 13824K, 99% used [0x00000000f1d80000,0x00000000f2af95b0,0x00000000f2b00000)
  to   space 12288K, 0% used [0x00000000f2b00000,0x00000000f2b00000,0x00000000f3700000)
 ParOldGen       total 38400K, used 33749K [0x00000000c0000000, 0x00000000c2580000, 0x00000000eab00000)
  object space 38400K, 87% used [0x00000000c0000000,0x00000000c20f5768,0x00000000c2580000)
 Metaspace       used 6328K, capacity 7192K, committed 7424K, reserved 1056768K
  class space    used 617K, capacity 656K, committed 768K, reserved 1048576K
GC Heap History (10 events):
Event: 6,531 GC heap after
Heap after GC invocations=2 (full 0):
 PSYoungGen      total 31744K, used 2016K [0x00000000eab00000, 0x00000000ecc00000, 0x0000000100000000)
  eden space 29696K, 0% used [0x00000000eab00000,0x00000000eab00000,0x00000000ec800000)
  from space 2048K, 98% used [0x00000000eca00000,0x00000000ecbf8018,0x00000000ecc00000)
  to   space 2048K, 0% used [0x00000000ec800000,0x00000000ec800000,0x00000000eca00000)
 ParOldGen       total 38400K, used 2732K [0x00000000c0000000, 0x00000000c2580000, 0x00000000eab00000)
  object space 38400K, 7% used [0x00000000c0000000,0x00000000c02ab238,0x00000000c2580000)
 Metaspace       used 5688K, capacity 6704K, committed 6784K, reserved 1056768K
  class space    used 595K, capacity 616K, committed 640K, reserved 1048576K
}
Event: 10,527 GC heap before
{Heap before GC invocations=3 (full 0):
 PSYoungGen      total 31744K, used 31712K [0x00000000eab00000, 0x00000000ecc00000, 0x0000000100000000)
  eden space 29696K, 100% used [0x00000000eab00000,0x00000000ec800000,0x00000000ec800000)
  from space 2048K, 98% used [0x00000000eca00000,0x00000000ecbf8018,0x00000000ecc00000)
  to   space 2048K, 0% used [0x00000000ec800000,0x00000000ec800000,0x00000000eca00000)
 ParOldGen       total 38400K, used 2732K [0x00000000c0000000, 0x00000000c2580000, 0x00000000eab00000)
  object space 38400K, 7% used [0x00000000c0000000,0x00000000c02ab238,0x00000000c2580000)
 Metaspace       used 5841K, capacity 6896K, committed 7040K, reserved 1056768K
  class space    used 595K, capacity 616K, committed 640K, reserved 1048576K
Event: 10,732 GC heap after
Heap after GC invocations=3 (full 0):
 PSYoungGen      total 31744K, used 2037K [0x00000000eab00000, 0x00000000ee900000, 0x0000000100000000)
  eden space 29696K, 0% used [0x00000000eab00000,0x00000000eab00000,0x00000000ec800000)
  from space 2048K, 99% used [0x00000000ec800000,0x00000000ec9fd790,0x00000000eca00000)
  to   space 2048K, 0% used [0x00000000ee700000,0x00000000ee700000,0x00000000ee900000)
 ParOldGen       total 38400K, used 7024K [0x00000000c0000000, 0x00000000c2580000, 0x00000000eab00000)
  object space 38400K, 18% used [0x00000000c0000000,0x00000000c06dc150,0x00000000c2580000)
 Metaspace       used 5841K, capacity 6896K, committed 7040K, reserved 1056768K
  class space    used 595K, capacity 616K, committed 640K, reserved 1048576K
}
Event: 12,069 GC heap before
{Heap before GC invocations=4 (full 0):
 PSYoungGen      total 31744K, used 31733K [0x00000000eab00000, 0x00000000ee900000, 0x0000000100000000)
  eden space 29696K, 100% used [0x00000000eab00000,0x00000000ec800000,0x00000000ec800000)
  from space 2048K, 99% used [0x00000000ec800000,0x00000000ec9fd790,0x00000000eca00000)
  to   space 2048K, 0% used [0x00000000ee700000,0x00000000ee700000,0x00000000ee900000)
 ParOldGen       total 38400K, used 7024K [0x00000000c0000000, 0x00000000c2580000, 0x00000000eab00000)
  object space 38400K, 18% used [0x00000000c0000000,0x00000000c06dc150,0x00000000c2580000)
 Metaspace       used 5848K, capacity 6896K, committed 7040K, reserved 1056768K
  class space    used 596K, capacity 616K, committed 640K, reserved 1048576K
Event: 12,319 GC heap after
Heap after GC invocations=4 (full 0):
 PSYoungGen      total 61440K, used 2036K [0x00000000eab00000, 0x00000000ee900000, 0x0000000100000000)
  eden space 59392K, 0% used [0x00000000eab00000,0x00000000eab00000,0x00000000ee500000)
  from space 2048K, 99% used [0x00000000ee700000,0x00000000ee8fd378,0x00000000ee900000)
  to   space 2048K, 0% used [0x00000000ee500000,0x00000000ee500000,0x00000000ee700000)
 ParOldGen       total 38400K, used 11939K [0x00000000c0000000, 0x00000000c2580000, 0x00000000eab00000)
  object space 38400K, 31% used [0x00000000c0000000,0x00000000c0ba8e68,0x00000000c2580000)
 Metaspace       used 5848K, capacity 6896K, committed 7040K, reserved 1056768K
  class space    used 596K, capacity 616K, committed 640K, reserved 1048576K
}
Event: 17,926 GC heap before
{Heap before GC invocations=5 (full 0):
 PSYoungGen      total 61440K, used 61428K [0x00000000eab00000, 0x00000000ee900000, 0x0000000100000000)
  eden space 59392K, 100% used [0x00000000eab00000,0x00000000ee500000,0x00000000ee500000)
  from space 2048K, 99% used [0x00000000ee700000,0x00000000ee8fd378,0x00000000ee900000)
  to   space 2048K, 0% used [0x00000000ee500000,0x00000000ee500000,0x00000000ee700000)
 ParOldGen       total 38400K, used 11939K [0x00000000c0000000, 0x00000000c2580000, 0x00000000eab00000)
  object space 38400K, 31% used [0x00000000c0000000,0x00000000c0ba8e68,0x00000000c2580000)
 Metaspace       used 5894K, capacity 6896K, committed 7040K, reserved 1056768K
  class space    used 597K, capacity 616K, committed 640K, reserved 1048576K
Event: 18,119 GC heap after
Heap after GC invocations=5 (full 0):
 PSYoungGen      total 61440K, used 2019K [0x00000000eab00000, 0x00000000f3700000, 0x0000000100000000)
  eden space 59392K, 0% used [0x00000000eab00000,0x00000000eab00000,0x00000000ee500000)
  from space 2048K, 98% used [0x00000000ee500000,0x00000000ee6f8d60,0x00000000ee700000)
  to   space 12288K, 0% used [0x00000000f2b00000,0x00000000f2b00000,0x00000000f3700000)
 ParOldGen       total 38400K, used 21309K [0x00000000c0000000, 0x00000000c2580000, 0x00000000eab00000)
  object space 38400K, 55% used [0x00000000c0000000,0x00000000c14cf640,0x00000000c2580000)
 Metaspace       used 5894K, capacity 6896K, committed 7040K, reserved 1056768K
  class space    used 597K, capacity 616K, committed 640K, reserved 1048576K
}
Event: 21,951 GC heap before
{Heap before GC invocations=6 (full 0):
 PSYoungGen      total 61440K, used 61411K [0x00000000eab00000, 0x00000000f3700000, 0x0000000100000000)
  eden space 59392K, 100% used [0x00000000eab00000,0x00000000ee500000,0x00000000ee500000)
  from space 2048K, 98% used [0x00000000ee500000,0x00000000ee6f8d60,0x00000000ee700000)
  to   space 12288K, 0% used [0x00000000f2b00000,0x00000000f2b00000,0x00000000f3700000)
 ParOldGen       total 38400K, used 21309K [0x00000000c0000000, 0x00000000c2580000, 0x00000000eab00000)
  object space 38400K, 55% used [0x00000000c0000000,0x00000000c14cf640,0x00000000c2580000)
 Metaspace       used 6201K, capacity 7128K, committed 7424K, reserved 1056768K
  class space    used 617K, capacity 656K, committed 768K, reserved 1048576K
Event: 24,100 GC heap after
Heap after GC invocations=6 (full 0):
 PSYoungGen      total 129536K, used 10665K [0x00000000eab00000, 0x00000000f3a00000, 0x0000000100000000)
  eden space 117248K, 0% used [0x00000000eab00000,0x00000000eab00000,0x00000000f1d80000)
  from space 12288K, 86% used [0x00000000f2b00000,0x00000000f356a778,0x00000000f3700000)
  to   space 13824K, 0% used [0x00000000f1d80000,0x00000000f1d80000,0x00000000f2b00000)
 ParOldGen       total 38400K, used 21309K [0x00000000c0000000, 0x00000000c2580000, 0x00000000eab00000)
  object space 38400K, 55% used [0x00000000c0000000,0x00000000c14cf640,0x00000000c2580000)
 Metaspace       used 6201K, capacity 7128K, committed 7424K, reserved 1056768K
  class space    used 617K, capacity 656K, committed 768K, reserved 1048576K
}
Event: 28,202 GC heap before
{Heap before GC invocations=7 (full 0):
 PSYoungGen      total 129536K, used 127913K [0x00000000eab00000, 0x00000000f3a00000, 0x0000000100000000)
  eden space 117248K, 100% used [0x00000000eab00000,0x00000000f1d80000,0x00000000f1d80000)
  from space 12288K, 86% used [0x00000000f2b00000,0x00000000f356a778,0x00000000f3700000)
  to   space 13824K, 0% used [0x00000000f1d80000,0x00000000f1d80000,0x00000000f2b00000)
 ParOldGen       total 38400K, used 21309K [0x00000000c0000000, 0x00000000c2580000, 0x00000000eab00000)
  object space 38400K, 55% used [0x00000000c0000000,0x00000000c14cf640,0x00000000c2580000)
 Metaspace       used 6328K, capacity 7192K, committed 7424K, reserved 1056768K
  class space    used 617K, capacity 656K, committed 768K, reserved 1048576K

