# JRE version: Java(TM) SE Runtime Environment (8.0_111-b14) (build 1.8.0_111-b14)
# Java VM: Java HotSpot(TM) 64-Bit Server VM (25.111-b14 mixed mode linux-amd64 compressed oops)
Heap:
 PSYoungGen      total 61440K, used 20936K [0x00000000eab00000, 0x00000000f3600000, 0x0000000100000000)
  eden space 59392K, 31% used [0x00000000eab00000,0x00000000ebd73698,0x00000000ee500000)
  from space 2048K, 99% used [0x00000000ee500000,0x00000000ee6feac8,0x00000000ee700000)
  to   space 11776K, 0% used [0x00000000f2a80000,0x00000000f2a80000,0x00000000f3600000)
 ParOldGen       total 38400K, used 21945K [0x00000000c0000000, 0x00000000c2580000, 0x00000000eab00000)
  object space 38400K, 57% used [0x00000000c0000000,0x00000000c156e750,0x00000000c2580000)
 Metaspace       used 6078K, capacity 7024K, committed 7296K, reserved 1056768K
  class space    used 602K, capacity 616K, committed 640K, reserved 1048576K
GC Heap History (10 events):
Event: 4,736 GC heap before
{Heap before GC invocations=1 (full 0):
 PSYoungGen      total 16896K, used 14848K [0x00000000eab00000, 0x00000000ebd80000, 0x0000000100000000)
  eden space 14848K, 100% used [0x00000000eab00000,0x00000000eb980000,0x00000000eb980000)
  from space 2048K, 0% used [0x00000000ebb80000,0x00000000ebb80000,0x00000000ebd80000)
  to   space 2048K, 0% used [0x00000000eb980000,0x00000000eb980000,0x00000000ebb80000)
 ParOldGen       total 38400K, used 0K [0x00000000c0000000, 0x00000000c2580000, 0x00000000eab00000)
  object space 38400K, 0% used [0x00000000c0000000,0x00000000c0000000,0x00000000c2580000)
 Metaspace       used 5444K, capacity 6512K, committed 6784K, reserved 1056768K
  class space    used 588K, capacity 616K, committed 640K, reserved 1048576K
Event: 5,235 GC heap after
Heap after GC invocations=1 (full 0):
 PSYoungGen      total 16896K, used 2023K [0x00000000eab00000, 0x00000000ecc00000, 0x0000000100000000)
  eden space 14848K, 0% used [0x00000000eab00000,0x00000000eab00000,0x00000000eb980000)
  from space 2048K, 98% used [0x00000000eb980000,0x00000000ebb79c88,0x00000000ebb80000)
  to   space 2048K, 0% used [0x00000000eca00000,0x00000000eca00000,0x00000000ecc00000)
 ParOldGen       total 38400K, used 1662K [0x00000000c0000000, 0x00000000c2580000, 0x00000000eab00000)
  object space 38400K, 4% used [0x00000000c0000000,0x00000000c019f998,0x00000000c2580000)
 Metaspace       used 5444K, capacity 6512K, committed 6784K, reserved 1056768K
  class space    used 588K, capacity 616K, committed 640K, reserved 1048576K
}
Event: 8,770 GC heap before
{Heap before GC invocations=2 (full 0):
 PSYoungGen      total 16896K, used 16871K [0x00000000eab00000, 0x00000000ecc00000, 0x0000000100000000)
  eden space 14848K, 100% used [0x00000000eab00000,0x00000000eb980000,0x00000000eb980000)
  from space 2048K, 98% used [0x00000000eb980000,0x00000000ebb79c88,0x00000000ebb80000)
  to   space 2048K, 0% used [0x00000000eca00000,0x00000000eca00000,0x00000000ecc00000)
 ParOldGen       total 38400K, used 1662K [0x00000000c0000000, 0x00000000c2580000, 0x00000000eab00000)
  object space 38400K, 4% used [0x00000000c0000000,0x00000000c019f998,0x00000000c2580000)
 Metaspace       used 5654K, capacity 6704K, committed 6784K, reserved 1056768K
  class space    used 590K, capacity 616K, committed 640K, reserved 1048576K
Event: 9,057 GC heap after
Heap after GC invocations=2 (full 0):
 PSYoungGen      total 31744K, used 2026K [0x00000000eab00000, 0x00000000ecc00000, 0x0000000100000000)
  eden space 29696K, 0% used [0x00000000eab00000,0x00000000eab00000,0x00000000ec800000)
  from space 2048K, 98% used [0x00000000eca00000,0x00000000ecbfaaa8,0x00000000ecc00000)
  to   space 2048K, 0% used [0x00000000ec800000,0x00000000ec800000,0x00000000eca00000)
 ParOldGen       total 38400K, used 3390K [0x00000000c0000000, 0x00000000c2580000, 0x00000000eab00000)
  object space 38400K, 8% used [0x00000000c0000000,0x00000000c034f998,0x00000000c2580000)
 Metaspace       used 5654K, capacity 6704K, committed 6784K, reserved 1056768K
  class space    used 590K, capacity 616K, committed 640K, reserved 1048576K
}
Event: 11,988 GC heap before
{Heap before GC invocations=3 (full 0):
 PSYoungGen      total 31744K, used 31722K [0x00000000eab00000, 0x00000000ecc00000, 0x0000000100000000)
  eden space 29696K, 100% used [0x00000000eab00000,0x00000000ec800000,0x00000000ec800000)
  from space 2048K, 98% used [0x00000000eca00000,0x00000000ecbfaaa8,0x00000000ecc00000)
  to   space 2048K, 0% used [0x00000000ec800000,0x00000000ec800000,0x00000000eca00000)
 ParOldGen       total 38400K, used 3390K [0x00000000c0000000, 0x00000000c2580000, 0x00000000eab00000)
  object space 38400K, 8% used [0x00000000c0000000,0x00000000c034f998,0x00000000c2580000)
 Metaspace       used 5780K, capacity 6832K, committed 7040K, reserved 1056768K
  class space    used 595K, capacity 616K, committed 640K, reserved 1048576K
Event: 12,210 GC heap after
Heap after GC invocations=3 (full 0):
 PSYoungGen      total 31744K, used 2034K [0x00000000eab00000, 0x00000000ee900000, 0x0000000100000000)
  eden space 29696K, 0% used [0x00000000eab00000,0x00000000eab00000,0x00000000ec800000)
  from space 2048K, 99% used [0x00000000ec800000,0x00000000ec9fc9c8,0x00000000eca00000)
  to   space 2048K, 0% used [0x00000000ee700000,0x00000000ee700000,0x00000000ee900000)
 ParOldGen       total 38400K, used 8038K [0x00000000c0000000, 0x00000000c2580000, 0x00000000eab00000)
  object space 38400K, 20% used [0x00000000c0000000,0x00000000c07d99d0,0x00000000c2580000)
 Metaspace       used 5780K, capacity 6832K, committed 7040K, reserved 1056768K
  class space    used 595K, capacity 616K, committed 640K, reserved 1048576K
}
Event: 14,549 GC heap before
{Heap before GC invocations=4 (full 0):
 PSYoungGen      total 31744K, used 31730K [0x00000000eab00000, 0x00000000ee900000, 0x0000000100000000)
  eden space 29696K, 100% used [0x00000000eab00000,0x00000000ec800000,0x00000000ec800000)
  from space 2048K, 99% used [0x00000000ec800000,0x00000000ec9fc9c8,0x00000000eca00000)
  to   space 2048K, 0% used [0x00000000ee700000,0x00000000ee700000,0x00000000ee900000)
 ParOldGen       total 38400K, used 8038K [0x00000000c0000000, 0x00000000c2580000, 0x00000000eab00000)
  object space 38400K, 20% used [0x00000000c0000000,0x00000000c07d99d0,0x00000000c2580000)
 Metaspace       used 5862K, capacity 6896K, committed 7040K, reserved 1056768K
  class space    used 595K, capacity 616K, committed 640K, reserved 1048576K
Event: 14,967 GC heap after
Heap after GC invocations=4 (full 0):
 PSYoungGen      total 61440K, used 2019K [0x00000000eab00000, 0x00000000ee900000, 0x0000000100000000)
  eden space 59392K, 0% used [0x00000000eab00000,0x00000000eab00000,0x00000000ee500000)
  from space 2048K, 98% used [0x00000000ee700000,0x00000000ee8f8cd8,0x00000000ee900000)
  to   space 2048K, 0% used [0x00000000ee500000,0x00000000ee500000,0x00000000ee700000)
 ParOldGen       total 38400K, used 13083K [0x00000000c0000000, 0x00000000c2580000, 0x00000000eab00000)
  object space 38400K, 34% used [0x00000000c0000000,0x00000000c0cc6e68,0x00000000c2580000)
 Metaspace       used 5862K, capacity 6896K, committed 7040K, reserved 1056768K
  class space    used 595K, capacity 616K, committed 640K, reserved 1048576K
}
Event: 19,367 GC heap before
{Heap before GC invocations=5 (full 0):
 PSYoungGen      total 61440K, used 61411K [0x00000000eab00000, 0x00000000ee900000, 0x0000000100000000)
  eden space 59392K, 100% used [0x00000000eab00000,0x00000000ee500000,0x00000000ee500000)
  from space 2048K, 98% used [0x00000000ee700000,0x00000000ee8f8cd8,0x00000000ee900000)
  to   space 2048K, 0% used [0x00000000ee500000,0x00000000ee500000,0x00000000ee700000)
 ParOldGen       total 38400K, used 13083K [0x00000000c0000000, 0x00000000c2580000, 0x00000000eab00000)
  object space 38400K, 34% used [0x00000000c0000000,0x00000000c0cc6e68,0x00000000c2580000)
 Metaspace       used 5905K, capacity 6896K, committed 7040K, reserved 1056768K
  class space    used 595K, capacity 616K, committed 640K, reserved 1048576K
Event: 19,864 GC heap after
Heap after GC invocations=5 (full 0):
 PSYoungGen      total 61440K, used 2042K [0x00000000eab00000, 0x00000000f3600000, 0x0000000100000000)
  eden space 59392K, 0% used [0x00000000eab00000,0x00000000eab00000,0x00000000ee500000)
  from space 2048K, 99% used [0x00000000ee500000,0x00000000ee6feac8,0x00000000ee700000)
  to   space 11776K, 0% used [0x00000000f2a80000,0x00000000f2a80000,0x00000000f3600000)
 ParOldGen       total 38400K, used 21945K [0x00000000c0000000, 0x00000000c2580000, 0x00000000eab00000)
  object space 38400K, 57% used [0x00000000c0000000,0x00000000c156e750,0x00000000c2580000)
 Metaspace       used 5905K, capacity 6896K, committed 7040K, reserved 1056768K
  class space    used 595K, capacity 616K, committed 640K, reserved 1048576K
}

